<?xml version="1.0" encoding="UTF-8"?>
<!-- Generated by org.testng.reporters.JUnitReportReporter -->
<testsuite hostname="DESKTOP-U5SUVO0" failures="0" tests="1" name="Base.BaseClass" time="0.007" errors="0" timestamp="2024-05-06T14:29:33 IST" skipped="0">
  <testcase classname="Base.BaseClass" name="test" time="0.007"/>
  <system-out/>
</testsuite> <!-- Base.BaseClass -->
