<?xml version="1.0" encoding="UTF-8"?>
<!-- Generated by org.testng.reporters.JUnitReportReporter -->
<testsuite hostname="DESKTOP-U5SUVO0" failures="0" tests="1" name="Base.BaseClassTest" time="0.016" errors="0" timestamp="2024-05-06T16:50:06 IST" skipped="0">
  <testcase classname="Base.BaseClassTest" name="test" time="0.016"/>
  <system-out/>
</testsuite> <!-- Base.BaseClassTest -->
